2024-09-01 23:23:48,659 - InteractiveLearningGame - INFO - Initializing GameEngine
2024-09-01 23:23:49,249 - InteractiveLearningGame - INFO - Loaded sprite: player from C:\Users\ardah\Gehirnbank\sprites\characters\player.png
2024-09-01 23:23:49,251 - InteractiveLearningGame - INFO - Loaded sprite: npc from C:\Users\ardah\Gehirnbank\sprites\characters\slime.png
2024-09-01 23:23:49,252 - InteractiveLearningGame - INFO - Loaded sprite: tilemap from C:\Users\ardah\Gehirnbank\sprites\assets\sprites\Texture\TX Tileset Grass.png
2024-09-01 23:23:49,255 - InteractiveLearningGame - INFO - Loaded sprite: tutor from C:\Users\ardah\Gehirnbank\sprites\assets\sprites\Texture\TX Props.png
2024-09-01 23:23:49,260 - InteractiveLearningGame - INFO - Loaded sprite: quizmaster from C:\Users\ardah\Gehirnbank\sprites\assets\sprites\Texture\TX Props.png
2024-09-01 23:23:49,263 - InteractiveLearningGame - INFO - Loaded sprite: gamemaster from C:\Users\ardah\Gehirnbank\sprites\assets\sprites\Texture\TX Props.png
2024-09-01 23:23:49,268 - InteractiveLearningGame - INFO - Loaded sprite: book from C:\Users\ardah\Gehirnbank\sprites\assets\sprites\Texture\TX Props.png
2024-09-01 23:23:49,271 - InteractiveLearningGame - INFO - Loaded sprite: potion from C:\Users\ardah\Gehirnbank\sprites\assets\sprites\Texture\TX Props.png
2024-09-01 23:23:49,275 - InteractiveLearningGame - INFO - Loaded sprite: scroll from C:\Users\ardah\Gehirnbank\sprites\assets\sprites\Texture\TX Props.png
2024-09-01 23:23:49,280 - InteractiveLearningGame - INFO - Loaded sprite: coin from C:\Users\ardah\Gehirnbank\sprites\assets\sprites\Texture\TX Props.png
2024-09-01 23:23:49,281 - InteractiveLearningGame - INFO - Loaded sprite: background from C:\Users\ardah\Gehirnbank\sprites\assets\sprites\Texture\TX Tileset Grass.png
2024-09-01 23:23:49,283 - InteractiveLearningGame - INFO - Loaded sprite: tree from C:\Users\ardah\Gehirnbank\sprites\assets\sprites\Texture\TX Plant.png
2024-09-01 23:23:49,287 - InteractiveLearningGame - INFO - Loaded sprite: chest from C:\Users\ardah\Gehirnbank\sprites\assets\sprites\Texture\TX Props.png
2024-09-01 23:23:49,287 - InteractiveLearningGame - ERROR - Sprite file not found: C:\Users\ardah\Gehirnbank\sprites\characters\hr_manager.png
NoneType: None
2024-09-01 23:23:49,288 - InteractiveLearningGame - ERROR - Sprite file not found: C:\Users\ardah\Gehirnbank\sprites\characters\it_specialist.png
NoneType: None
2024-09-01 23:23:49,288 - InteractiveLearningGame - ERROR - Sprite file not found: C:\Users\ardah\Gehirnbank\sprites\characters\team_lead.png
NoneType: None
2024-09-01 23:23:49,288 - InteractiveLearningGame - ERROR - Sprite file not found: C:\Users\ardah\Gehirnbank\sprites\characters\coworker.png
NoneType: None
2024-09-01 23:23:49,288 - InteractiveLearningGame - ERROR - Sprite file not found: C:\Users\ardah\Gehirnbank\sprites\assets\sprites\Texture\kiosk.png
NoneType: None
2024-09-01 23:23:49,289 - InteractiveLearningGame - ERROR - Sprite file not found: C:\Users\ardah\Gehirnbank\sprites\assets\sprites\Texture\terminal.png
NoneType: None
2024-09-01 23:23:49,289 - InteractiveLearningGame - ERROR - Sprite file not found: C:\Users\ardah\Gehirnbank\sprites\assets\sprites\Texture\meeting_room.png
NoneType: None
2024-09-01 23:23:49,289 - InteractiveLearningGame - INFO - Loaded font: regular_24
2024-09-01 23:23:49,290 - InteractiveLearningGame - INFO - Loaded font: regular_32
2024-09-01 23:23:49,290 - InteractiveLearningGame - INFO - Loaded font: regular_48
2024-09-01 23:23:49,291 - InteractiveLearningGame - INFO - Loaded font: italic_24
2024-09-01 23:23:49,291 - InteractiveLearningGame - INFO - Loaded font: italic_32
2024-09-01 23:23:49,291 - InteractiveLearningGame - INFO - Loaded font: italic_48
2024-09-01 23:23:49,293 - InteractiveLearningGame - INFO - Loaded font: bold_24
2024-09-01 23:23:49,293 - InteractiveLearningGame - INFO - Loaded font: bold_32
2024-09-01 23:23:49,293 - InteractiveLearningGame - INFO - Loaded font: bold_48
2024-09-01 23:23:49,367 - InteractiveLearningGame - INFO - Loaded sound: menu_music
2024-09-01 23:23:49,557 - InteractiveLearningGame - INFO - Loaded sound: game_music
2024-09-01 23:23:49,561 - InteractiveLearningGame - INFO - MainMenuScene initialized
2024-09-01 23:23:49,561 - InteractiveLearningGame - DEBUG - Initializing Quiz
2024-09-01 23:23:49,561 - InteractiveLearningGame - INFO - Entering MainMenuScene
