2024-09-01 23:12:26,279 - InteractiveLearningGame - INFO - Initializing GameEngine
2024-09-01 23:12:26,890 - InteractiveLearningGame - INFO - Loaded sprite: player from C:\Users\ardah\Gehirnbank\sprites\characters\player.png
2024-09-01 23:12:26,891 - InteractiveLearningGame - INFO - Loaded sprite: npc from C:\Users\ardah\Gehirnbank\sprites\characters\slime.png
2024-09-01 23:12:26,892 - InteractiveLearningGame - INFO - Loaded sprite: tilemap from C:\Users\ardah\Gehirnbank\sprites\assets\sprites\Texture\TX Tileset Grass.png
2024-09-01 23:12:26,896 - InteractiveLearningGame - INFO - Loaded sprite: tutor from C:\Users\ardah\Gehirnbank\sprites\assets\sprites\Texture\TX Props.png
2024-09-01 23:12:26,901 - InteractiveLearningGame - INFO - Loaded sprite: quizmaster from C:\Users\ardah\Gehirnbank\sprites\assets\sprites\Texture\TX Props.png
2024-09-01 23:12:26,904 - InteractiveLearningGame - INFO - Loaded sprite: gamemaster from C:\Users\ardah\Gehirnbank\sprites\assets\sprites\Texture\TX Props.png
2024-09-01 23:12:26,908 - InteractiveLearningGame - INFO - Loaded sprite: book from C:\Users\ardah\Gehirnbank\sprites\assets\sprites\Texture\TX Props.png
2024-09-01 23:12:26,912 - InteractiveLearningGame - INFO - Loaded sprite: potion from C:\Users\ardah\Gehirnbank\sprites\assets\sprites\Texture\TX Props.png
2024-09-01 23:12:26,916 - InteractiveLearningGame - INFO - Loaded sprite: scroll from C:\Users\ardah\Gehirnbank\sprites\assets\sprites\Texture\TX Props.png
2024-09-01 23:12:26,919 - InteractiveLearningGame - INFO - Loaded sprite: coin from C:\Users\ardah\Gehirnbank\sprites\assets\sprites\Texture\TX Props.png
2024-09-01 23:12:26,920 - InteractiveLearningGame - INFO - Loaded sprite: background from C:\Users\ardah\Gehirnbank\sprites\assets\sprites\Texture\TX Tileset Grass.png
2024-09-01 23:12:26,923 - InteractiveLearningGame - INFO - Loaded sprite: tree from C:\Users\ardah\Gehirnbank\sprites\assets\sprites\Texture\TX Plant.png
2024-09-01 23:12:26,926 - InteractiveLearningGame - INFO - Loaded sprite: chest from C:\Users\ardah\Gehirnbank\sprites\assets\sprites\Texture\TX Props.png
2024-09-01 23:12:26,926 - InteractiveLearningGame - ERROR - Sprite file not found: C:\Users\ardah\Gehirnbank\sprites\characters\hr_manager.png
NoneType: None
2024-09-01 23:12:26,926 - InteractiveLearningGame - ERROR - Sprite file not found: C:\Users\ardah\Gehirnbank\sprites\characters\it_specialist.png
NoneType: None
2024-09-01 23:12:26,926 - InteractiveLearningGame - ERROR - Sprite file not found: C:\Users\ardah\Gehirnbank\sprites\characters\team_lead.png
NoneType: None
2024-09-01 23:12:26,928 - InteractiveLearningGame - ERROR - Sprite file not found: C:\Users\ardah\Gehirnbank\sprites\characters\coworker.png
NoneType: None
2024-09-01 23:12:26,928 - InteractiveLearningGame - ERROR - Sprite file not found: C:\Users\ardah\Gehirnbank\sprites\assets\sprites\Texture\kiosk.png
NoneType: None
2024-09-01 23:12:26,928 - InteractiveLearningGame - ERROR - Sprite file not found: C:\Users\ardah\Gehirnbank\sprites\assets\sprites\Texture\terminal.png
NoneType: None
2024-09-01 23:12:26,928 - InteractiveLearningGame - ERROR - Sprite file not found: C:\Users\ardah\Gehirnbank\sprites\assets\sprites\Texture\meeting_room.png
NoneType: None
2024-09-01 23:12:26,929 - InteractiveLearningGame - INFO - Loaded font: regular_24
2024-09-01 23:12:26,929 - InteractiveLearningGame - INFO - Loaded font: regular_32
2024-09-01 23:12:26,929 - InteractiveLearningGame - INFO - Loaded font: regular_48
2024-09-01 23:12:26,930 - InteractiveLearningGame - INFO - Loaded font: italic_24
2024-09-01 23:12:26,930 - InteractiveLearningGame - INFO - Loaded font: italic_32
2024-09-01 23:12:26,931 - InteractiveLearningGame - INFO - Loaded font: italic_48
2024-09-01 23:12:26,931 - InteractiveLearningGame - INFO - Loaded font: bold_24
2024-09-01 23:12:26,931 - InteractiveLearningGame - INFO - Loaded font: bold_32
2024-09-01 23:12:26,932 - InteractiveLearningGame - INFO - Loaded font: bold_48
2024-09-01 23:12:27,007 - InteractiveLearningGame - INFO - Loaded sound: menu_music
2024-09-01 23:12:27,196 - InteractiveLearningGame - INFO - Loaded sound: game_music
