2024-09-01 23:19:26,678 - InteractiveLearningGame - INFO - Initializing GameEngine
2024-09-01 23:19:27,238 - InteractiveLearningGame - INFO - Loaded sprite: player from C:\Users\ardah\Gehirnbank\sprites\characters\player.png
2024-09-01 23:19:27,238 - InteractiveLearningGame - INFO - Loaded sprite: npc from C:\Users\ardah\Gehirnbank\sprites\characters\slime.png
2024-09-01 23:19:27,239 - InteractiveLearningGame - INFO - Loaded sprite: tilemap from C:\Users\ardah\Gehirnbank\sprites\assets\sprites\Texture\TX Tileset Grass.png
2024-09-01 23:19:27,243 - InteractiveLearningGame - INFO - Loaded sprite: tutor from C:\Users\ardah\Gehirnbank\sprites\assets\sprites\Texture\TX Props.png
2024-09-01 23:19:27,248 - InteractiveLearningGame - INFO - Loaded sprite: quizmaster from C:\Users\ardah\Gehirnbank\sprites\assets\sprites\Texture\TX Props.png
2024-09-01 23:19:27,252 - InteractiveLearningGame - INFO - Loaded sprite: gamemaster from C:\Users\ardah\Gehirnbank\sprites\assets\sprites\Texture\TX Props.png
2024-09-01 23:19:27,255 - InteractiveLearningGame - INFO - Loaded sprite: book from C:\Users\ardah\Gehirnbank\sprites\assets\sprites\Texture\TX Props.png
2024-09-01 23:19:27,258 - InteractiveLearningGame - INFO - Loaded sprite: potion from C:\Users\ardah\Gehirnbank\sprites\assets\sprites\Texture\TX Props.png
2024-09-01 23:19:27,263 - InteractiveLearningGame - INFO - Loaded sprite: scroll from C:\Users\ardah\Gehirnbank\sprites\assets\sprites\Texture\TX Props.png
2024-09-01 23:19:27,266 - InteractiveLearningGame - INFO - Loaded sprite: coin from C:\Users\ardah\Gehirnbank\sprites\assets\sprites\Texture\TX Props.png
2024-09-01 23:19:27,267 - InteractiveLearningGame - INFO - Loaded sprite: background from C:\Users\ardah\Gehirnbank\sprites\assets\sprites\Texture\TX Tileset Grass.png
2024-09-01 23:19:27,270 - InteractiveLearningGame - INFO - Loaded sprite: tree from C:\Users\ardah\Gehirnbank\sprites\assets\sprites\Texture\TX Plant.png
2024-09-01 23:19:27,275 - InteractiveLearningGame - INFO - Loaded sprite: chest from C:\Users\ardah\Gehirnbank\sprites\assets\sprites\Texture\TX Props.png
2024-09-01 23:19:27,275 - InteractiveLearningGame - ERROR - Sprite file not found: C:\Users\ardah\Gehirnbank\sprites\characters\hr_manager.png
NoneType: None
2024-09-01 23:19:27,275 - InteractiveLearningGame - ERROR - Sprite file not found: C:\Users\ardah\Gehirnbank\sprites\characters\it_specialist.png
NoneType: None
2024-09-01 23:19:27,275 - InteractiveLearningGame - ERROR - Sprite file not found: C:\Users\ardah\Gehirnbank\sprites\characters\team_lead.png
NoneType: None
2024-09-01 23:19:27,276 - InteractiveLearningGame - ERROR - Sprite file not found: C:\Users\ardah\Gehirnbank\sprites\characters\coworker.png
NoneType: None
2024-09-01 23:19:27,276 - InteractiveLearningGame - ERROR - Sprite file not found: C:\Users\ardah\Gehirnbank\sprites\assets\sprites\Texture\kiosk.png
NoneType: None
2024-09-01 23:19:27,276 - InteractiveLearningGame - ERROR - Sprite file not found: C:\Users\ardah\Gehirnbank\sprites\assets\sprites\Texture\terminal.png
NoneType: None
2024-09-01 23:19:27,276 - InteractiveLearningGame - ERROR - Sprite file not found: C:\Users\ardah\Gehirnbank\sprites\assets\sprites\Texture\meeting_room.png
NoneType: None
2024-09-01 23:19:27,277 - InteractiveLearningGame - INFO - Loaded font: regular_24
2024-09-01 23:19:27,277 - InteractiveLearningGame - INFO - Loaded font: regular_32
2024-09-01 23:19:27,278 - InteractiveLearningGame - INFO - Loaded font: regular_48
2024-09-01 23:19:27,278 - InteractiveLearningGame - INFO - Loaded font: italic_24
2024-09-01 23:19:27,279 - InteractiveLearningGame - INFO - Loaded font: italic_32
2024-09-01 23:19:27,279 - InteractiveLearningGame - INFO - Loaded font: italic_48
2024-09-01 23:19:27,279 - InteractiveLearningGame - INFO - Loaded font: bold_24
2024-09-01 23:19:27,280 - InteractiveLearningGame - INFO - Loaded font: bold_32
2024-09-01 23:19:27,280 - InteractiveLearningGame - INFO - Loaded font: bold_48
2024-09-01 23:19:27,353 - InteractiveLearningGame - INFO - Loaded sound: menu_music
2024-09-01 23:19:27,535 - InteractiveLearningGame - INFO - Loaded sound: game_music
2024-09-01 23:19:27,539 - InteractiveLearningGame - DEBUG - Initializing Quiz
2024-09-01 23:19:27,539 - InteractiveLearningGame - WARNING - Sound '1354018_288-Autograph-Piano-2023.mp3' nicht gefunden.
2024-09-01 23:19:27,539 - InteractiveLearningGame - WARNING - Music '1354018_288-Autograph-Piano-2023.mp3' not found
2024-09-01 23:19:27,539 - InteractiveLearningGame - INFO - Changed to scene: GameState.MAIN_MENU
2024-09-01 23:19:27,621 - InteractiveLearningGame - INFO - Start music playing
2024-09-01 23:19:27,621 - InteractiveLearningGame - INFO - GameEngine initialized. Screen size: 800x600
2024-09-01 23:19:27,623 - InteractiveLearningGame - INFO - Directory exists: C:\Users\ardah\Gehirnbank\sprites
2024-09-01 23:19:27,623 - InteractiveLearningGame - DEBUG - Contents of C:\Users\ardah\Gehirnbank\sprites:
2024-09-01 23:19:27,623 - InteractiveLearningGame - DEBUG -   - assets
2024-09-01 23:19:27,623 - InteractiveLearningGame - DEBUG -   - characters
2024-09-01 23:19:27,623 - InteractiveLearningGame - DEBUG -   - objects
2024-09-01 23:19:27,623 - InteractiveLearningGame - DEBUG -   - particles
2024-09-01 23:19:27,623 - InteractiveLearningGame - DEBUG -   - tilesets
2024-09-01 23:19:27,623 - InteractiveLearningGame - INFO - Directory exists: C:\Users\ardah\Gehirnbank\sprites\assets\sounds
2024-09-01 23:19:27,623 - InteractiveLearningGame - DEBUG - Contents of C:\Users\ardah\Gehirnbank\sprites\assets\sounds:
2024-09-01 23:19:27,623 - InteractiveLearningGame - DEBUG -   - 1350180_TeleCom-INC.mp3
2024-09-01 23:19:27,623 - InteractiveLearningGame - DEBUG -   - 1352396_I-Gave-Them-Backshots.mp3
2024-09-01 23:19:27,623 - InteractiveLearningGame - DEBUG -   - 1354018_288-Autograph-Piano-2023.mp3
2024-09-01 23:19:27,623 - InteractiveLearningGame - DEBUG -   - 1354837_Timeless-Island-Surreal-x-.mp3
2024-09-01 23:19:27,623 - InteractiveLearningGame - DEBUG -   - item-equip-6904.mp3
2024-09-01 23:19:27,623 - InteractiveLearningGame - DEBUG -   - venv
2024-09-01 23:19:27,623 - InteractiveLearningGame - INFO - Directory exists: C:\Users\ardah\Gehirnbank\sprites\assets\fonts
2024-09-01 23:19:27,625 - InteractiveLearningGame - DEBUG - Contents of C:\Users\ardah\Gehirnbank\sprites\assets\fonts:
2024-09-01 23:19:27,625 - InteractiveLearningGame - DEBUG -   - Raleway
2024-09-01 23:19:27,625 - InteractiveLearningGame - INFO - Starting the game
2024-09-01 23:19:27,625 - InteractiveLearningGame - INFO - Pygame initialized
2024-09-01 23:19:27,626 - InteractiveLearningGame - INFO - Initializing MainMenuScene
2024-09-01 23:19:27,637 - InteractiveLearningGame - INFO - Main menu scene created
2024-09-01 23:19:27,637 - InteractiveLearningGame - INFO - Game closing
